<?xml version="1.0" encoding="UTF-8"?>
<testng-results ignored="0" total="1" passed="1" failed="0" skipped="0">
  <reporter-output>
  </reporter-output>
  <suite started-at="2023-07-13T13:58:13 IST" name="Default suite" finished-at="2023-07-13T13:58:48 IST" duration-ms="35153">
    <groups>
    </groups>
    <test started-at="2023-07-13T13:58:13 IST" name="Default test" finished-at="2023-07-13T13:58:48 IST" duration-ms="35153">
      <class name="TestLayer.LoginPageTest">
        <test-method is-config="true" signature="setUp()[pri:0, instance:TestLayer.LoginPageTest@729d991e]" started-at="2023-07-13T13:58:13 IST" name="setUp" finished-at="2023-07-13T13:58:32 IST" duration-ms="18691" status="PASS">
          <reporter-output>
          </reporter-output>
        </test-method> <!-- setUp -->
        <test-method signature="validateLoginFuctionality()[pri:0, instance:TestLayer.LoginPageTest@729d991e]" started-at="2023-07-13T13:58:32 IST" name="validateLoginFuctionality" finished-at="2023-07-13T13:58:48 IST" duration-ms="16339" status="PASS">
          <reporter-output>
          </reporter-output>
        </test-method> <!-- validateLoginFuctionality -->
      </class> <!-- TestLayer.LoginPageTest -->
    </test> <!-- Default test -->
  </suite> <!-- Default suite -->
</testng-results>
